<?xml version="1.0" encoding="utf-8"?><testsuites name="pytest tests"><testsuite name="pytest" errors="0" failures="0" skipped="0" tests="10" time="2.712" timestamp="2026-01-16T16:08:58.775406+00:00" hostname="agent-env-801869a9-096f-4929-af48-8401ae5fa413"><testcase classname="tests.test_campaign_dates.TestCampaignDatesUpdate" name="test_endpoint_exists" time="0.307" /><testcase classname="tests.test_campaign_dates.TestCampaignDatesUpdate" name="test_update_dates_requires_auth" time="0.035" /><testcase classname="tests.test_campaign_dates.TestCampaignDatesUpdate" name="test_update_dates_validates_brand_ownership" time="0.267" /><testcase classname="tests.test_campaign_dates.TestCampaignDatesUpdate" name="test_get_campaign_before_update" time="0.269" /><testcase classname="tests.test_campaign_dates.TestCampaignDatesUpdate" name="test_update_purchase_window_dates" time="0.297" /><testcase classname="tests.test_campaign_dates.TestCampaignDatesUpdate" name="test_update_post_window_dates" time="0.282" /><testcase classname="tests.test_campaign_dates.TestCampaignDatesUpdate" name="test_update_all_dates_at_once" time="0.281" /><testcase classname="tests.test_campaign_dates.TestCampaignDatesUpdate" name="test_partial_date_update" time="0.328" /><testcase classname="tests.test_campaign_dates.TestCampaignDatesValidation" name="test_empty_update_request" time="0.265" /><testcase classname="tests.test_campaign_dates.TestCampaignListWithDates" name="test_campaigns_list_shows_dates" time="0.267" /></testsuite></testsuites>