<?xml version="1.0" encoding="utf-8"?><testsuites name="pytest tests"><testsuite name="pytest" errors="0" failures="0" skipped="0" tests="27" time="12.117" timestamp="2026-01-16T15:07:50.708904+00:00" hostname="agent-env-801869a9-096f-4929-af48-8401ae5fa413"><testcase classname="tests.test_email_notifications.TestEmailServiceModule" name="test_email_service_import" time="0.005" /><testcase classname="tests.test_email_notifications.TestEmailServiceModule" name="test_email_templates_exist" time="0.000" /><testcase classname="tests.test_email_notifications.TestSMTPSettings" name="test_get_smtp_settings" time="0.334" /><testcase classname="tests.test_email_notifications.TestSMTPSettings" name="test_smtp_settings_configured" time="0.271" /><testcase classname="tests.test_email_notifications.TestSMTPSettings" name="test_update_smtp_settings" time="0.281" /><testcase classname="tests.test_email_notifications.TestRegistrationEmails" name="test_influencer_registration_triggers_welcome_email" time="0.260" /><testcase classname="tests.test_email_notifications.TestRegistrationEmails" name="test_brand_registration_triggers_welcome_email" time="2.056" /><testcase classname="tests.test_email_notifications.TestRegistrationEmails" name="test_admin_notification_on_new_user" time="2.049" /><testcase classname="tests.test_email_notifications.TestApplicationEmails" name="test_application_triggers_brand_notification" time="2.811" /><testcase classname="tests.test_email_notifications.TestApplicationEmails" name="test_application_approval_triggers_influencer_email" time="0.392" /><testcase classname="tests.test_email_notifications.TestApplicationEmails" name="test_application_rejection_triggers_influencer_email" time="1.050" /><testcase classname="tests.test_email_notifications.TestPurchaseProofEmails" name="test_purchase_proof_submission_triggers_brand_email" time="0.261" /><testcase classname="tests.test_email_notifications.TestPurchaseProofEmails" name="test_purchase_proof_approval_triggers_influencer_email" time="0.304" /><testcase classname="tests.test_email_notifications.TestPurchaseProofEmails" name="test_purchase_proof_rejection_triggers_influencer_email" time="0.307" /><testcase classname="tests.test_email_notifications.TestContentPostEmails" name="test_post_submission_triggers_brand_email" time="0.284" /><testcase classname="tests.test_email_notifications.TestContentPostEmails" name="test_post_approval_triggers_influencer_email" time="0.264" /><testcase classname="tests.test_email_notifications.TestContentPostEmails" name="test_post_rejection_triggers_influencer_email" time="0.257" /><testcase classname="tests.test_email_notifications.TestProductReviewEmails" name="test_product_review_submission_triggers_brand_email" time="0.315" /><testcase classname="tests.test_email_notifications.TestProductReviewEmails" name="test_product_review_approval_triggers_influencer_email" time="0.260" /><testcase classname="tests.test_email_notifications.TestProductReviewEmails" name="test_product_review_rejection_triggers_influencer_email" time="0.260" /><testcase classname="tests.test_email_notifications.TestEmailIntegrationInServer" name="test_email_service_imported_in_server" time="0.001" /><testcase classname="tests.test_email_notifications.TestEmailIntegrationInServer" name="test_registration_endpoint_sends_emails" time="0.000" /><testcase classname="tests.test_email_notifications.TestEmailIntegrationInServer" name="test_application_endpoint_sends_emails" time="0.000" /><testcase classname="tests.test_email_notifications.TestEmailIntegrationInServer" name="test_purchase_proof_endpoint_sends_emails" time="0.000" /><testcase classname="tests.test_email_notifications.TestEmailIntegrationInServer" name="test_post_submission_endpoint_sends_emails" time="0.000" /><testcase classname="tests.test_email_notifications.TestEmailIntegrationInServer" name="test_product_review_endpoint_sends_emails" time="0.000" /><testcase classname="tests.test_email_notifications.TestEmailIntegrationInServer" name="test_emails_sent_asynchronously" time="0.000" /></testsuite></testsuites>