<?xml version="1.0" encoding="utf-8"?><testsuites name="pytest tests"><testsuite name="pytest" errors="0" failures="0" skipped="0" tests="16" time="3.188" timestamp="2026-01-16T14:27:33.296141+00:00" hostname="agent-env-801869a9-096f-4929-af48-8401ae5fa413"><testcase classname="tests.test_landing_page_builder.TestLandingPageBuilder" name="test_01_get_campaign_with_landing_page_fields" time="0.367" /><testcase classname="tests.test_landing_page_builder.TestLandingPageBuilder" name="test_02_update_landing_page_slug" time="0.322" /><testcase classname="tests.test_landing_page_builder.TestLandingPageBuilder" name="test_03_update_landing_page_cta_text" time="0.424" /><testcase classname="tests.test_landing_page_builder.TestLandingPageBuilder" name="test_04_update_landing_page_html_content" time="0.278" /><testcase classname="tests.test_landing_page_builder.TestLandingPageBuilder" name="test_05_update_landing_page_testimonials" time="0.321" /><testcase classname="tests.test_landing_page_builder.TestLandingPageBuilder" name="test_06_update_landing_page_faqs" time="0.273" /><testcase classname="tests.test_landing_page_builder.TestLandingPageBuilder" name="test_07_update_landing_page_hero_image" time="0.318" /><testcase classname="tests.test_landing_page_builder.TestLandingPageBuilder" name="test_08_complete_landing_page_update" time="0.289" /><testcase classname="tests.test_landing_page_builder.TestPublicLandingPage" name="test_01_public_landing_page_accessible" time="0.034" /><testcase classname="tests.test_landing_page_builder.TestPublicLandingPage" name="test_02_public_landing_page_returns_html_content" time="0.039" /><testcase classname="tests.test_landing_page_builder.TestPublicLandingPage" name="test_03_public_landing_page_returns_testimonials" time="0.035" /><testcase classname="tests.test_landing_page_builder.TestPublicLandingPage" name="test_04_public_landing_page_returns_faqs" time="0.035" /><testcase classname="tests.test_landing_page_builder.TestPublicLandingPage" name="test_05_public_landing_page_invalid_slug_returns_404" time="0.036" /><testcase classname="tests.test_landing_page_builder.TestPublicLandingPage" name="test_06_public_landing_page_disabled_returns_404" time="0.000" /><testcase classname="tests.test_landing_page_builder.TestLandingPageAuthorization" name="test_01_unauthenticated_cannot_update_landing_page" time="0.034" /><testcase classname="tests.test_landing_page_builder.TestLandingPageAuthorization" name="test_02_influencer_cannot_update_landing_page" time="0.306" /></testsuite></testsuites>