<?xml version="1.0" encoding="utf-8"?><testsuites name="pytest tests"><testsuite name="pytest" errors="0" failures="0" skipped="0" tests="21" time="4.240" timestamp="2026-01-16T14:49:28.734998+00:00" hostname="agent-env-801869a9-096f-4929-af48-8401ae5fa413"><testcase classname="tests.test_landing_page_builder.TestLandingPageBuilder" name="test_01_get_campaign_with_landing_page_fields" time="0.367" /><testcase classname="tests.test_landing_page_builder.TestLandingPageBuilder" name="test_02_update_landing_page_slug" time="0.276" /><testcase classname="tests.test_landing_page_builder.TestLandingPageBuilder" name="test_03_update_landing_page_cta_text" time="0.362" /><testcase classname="tests.test_landing_page_builder.TestLandingPageBuilder" name="test_04_update_landing_page_html_content" time="0.364" /><testcase classname="tests.test_landing_page_builder.TestLandingPageBuilder" name="test_05_update_landing_page_testimonials" time="0.317" /><testcase classname="tests.test_landing_page_builder.TestLandingPageBuilder" name="test_06_update_landing_page_faqs" time="0.371" /><testcase classname="tests.test_landing_page_builder.TestLandingPageBuilder" name="test_07_update_landing_page_hero_image" time="0.275" /><testcase classname="tests.test_landing_page_builder.TestLandingPageBuilder" name="test_08_complete_landing_page_update" time="0.333" /><testcase classname="tests.test_landing_page_builder.TestLandingPageBuilder" name="test_09_update_landing_page_why_join" time="0.290" /><testcase classname="tests.test_landing_page_builder.TestLandingPageBuilder" name="test_10_update_landing_page_how_it_works" time="0.321" /><testcase classname="tests.test_landing_page_builder.TestLandingPageBuilder" name="test_11_complete_landing_page_with_sections" time="0.288" /><testcase classname="tests.test_landing_page_builder.TestPublicLandingPage" name="test_01_public_landing_page_accessible" time="0.035" /><testcase classname="tests.test_landing_page_builder.TestPublicLandingPage" name="test_02_public_landing_page_returns_html_content" time="0.034" /><testcase classname="tests.test_landing_page_builder.TestPublicLandingPage" name="test_03_public_landing_page_returns_testimonials" time="0.035" /><testcase classname="tests.test_landing_page_builder.TestPublicLandingPage" name="test_04_public_landing_page_returns_faqs" time="0.037" /><testcase classname="tests.test_landing_page_builder.TestPublicLandingPage" name="test_05_public_landing_page_returns_why_join" time="0.034" /><testcase classname="tests.test_landing_page_builder.TestPublicLandingPage" name="test_06_public_landing_page_returns_how_it_works" time="0.035" /><testcase classname="tests.test_landing_page_builder.TestPublicLandingPage" name="test_07_public_landing_page_invalid_slug_returns_404" time="0.035" /><testcase classname="tests.test_landing_page_builder.TestPublicLandingPage" name="test_08_public_landing_page_disabled_returns_404" time="0.000" /><testcase classname="tests.test_landing_page_builder.TestLandingPageAuthorization" name="test_01_unauthenticated_cannot_update_landing_page" time="0.037" /><testcase classname="tests.test_landing_page_builder.TestLandingPageAuthorization" name="test_02_influencer_cannot_update_landing_page" time="0.305" /></testsuite></testsuites>