<?xml version="1.0" encoding="utf-8"?><testsuites name="pytest tests"><testsuite name="pytest" errors="0" failures="0" skipped="0" tests="19" time="2.896" timestamp="2026-01-16T16:18:42.819186+00:00" hostname="agent-env-801869a9-096f-4929-af48-8401ae5fa413"><testcase classname="tests.test_password_reset.TestForgotPasswordEndpoint" name="test_forgot_password_endpoint_exists" time="0.067" /><testcase classname="tests.test_password_reset.TestForgotPasswordEndpoint" name="test_forgot_password_returns_generic_message" time="0.994" /><testcase classname="tests.test_password_reset.TestForgotPasswordEndpoint" name="test_forgot_password_requires_email" time="0.039" /><testcase classname="tests.test_password_reset.TestForgotPasswordEndpoint" name="test_forgot_password_with_empty_email" time="0.039" /><testcase classname="tests.test_password_reset.TestVerifyResetTokenEndpoint" name="test_verify_reset_token_endpoint_exists" time="0.038" /><testcase classname="tests.test_password_reset.TestVerifyResetTokenEndpoint" name="test_verify_reset_token_invalid_token" time="0.037" /><testcase classname="tests.test_password_reset.TestVerifyResetTokenEndpoint" name="test_verify_reset_token_missing_token" time="0.042" /><testcase classname="tests.test_password_reset.TestResetPasswordEndpoint" name="test_reset_password_endpoint_exists" time="0.034" /><testcase classname="tests.test_password_reset.TestResetPasswordEndpoint" name="test_reset_password_invalid_token" time="0.032" /><testcase classname="tests.test_password_reset.TestResetPasswordEndpoint" name="test_reset_password_requires_token" time="0.032" /><testcase classname="tests.test_password_reset.TestResetPasswordEndpoint" name="test_reset_password_requires_password" time="0.038" /><testcase classname="tests.test_password_reset.TestPasswordValidation" name="test_password_too_short" time="0.035" /><testcase classname="tests.test_password_reset.TestPasswordValidation" name="test_password_no_uppercase" time="0.032" /><testcase classname="tests.test_password_reset.TestPasswordValidation" name="test_password_no_lowercase" time="0.032" /><testcase classname="tests.test_password_reset.TestPasswordValidation" name="test_password_no_number" time="0.034" /><testcase classname="tests.test_password_reset.TestPasswordValidation" name="test_password_no_special_char" time="0.034" /><testcase classname="tests.test_password_reset.TestPasswordResetFlow" name="test_forgot_password_creates_reset_token" time="0.037" /><testcase classname="tests.test_password_reset.TestPasswordResetFlow" name="test_login_still_works_after_forgot_password" time="1.153" /><testcase classname="tests.test_password_reset.TestTokenExpiry" name="test_expired_token_rejected" time="0.032" /></testsuite></testsuites>