<?xml version="1.0" encoding="utf-8"?><testsuites name="pytest tests"><testsuite name="pytest" errors="0" failures="0" skipped="0" tests="15" time="3.449" timestamp="2026-01-16T13:53:15.319497+00:00" hostname="agent-env-801869a9-096f-4929-af48-8401ae5fa413"><testcase classname="tests.test_landing_content.TestPublicLandingContent" name="test_get_public_landing_content_success" time="0.073" /><testcase classname="tests.test_landing_content.TestPublicLandingContent" name="test_public_landing_content_returns_video_url" time="0.037" /><testcase classname="tests.test_landing_content.TestAdminLandingContent" name="test_get_admin_landing_content_requires_auth" time="0.033" /><testcase classname="tests.test_landing_content.TestAdminLandingContent" name="test_get_admin_landing_content_success" time="0.318" /><testcase classname="tests.test_landing_content.TestAdminLandingContent" name="test_update_landing_content_requires_auth" time="0.039" /><testcase classname="tests.test_landing_content.TestAdminLandingContent" name="test_update_landing_content_success" time="0.446" /><testcase classname="tests.test_landing_content.TestAdminLandingContent" name="test_update_landing_content_reflects_on_public_endpoint" time="0.384" /><testcase classname="tests.test_landing_content.TestLandingContentRoleAccess" name="test_brand_cannot_access_admin_landing_content" time="0.313" /><testcase classname="tests.test_landing_content.TestLandingContentRoleAccess" name="test_brand_cannot_update_landing_content" time="0.267" /><testcase classname="tests.test_landing_content.TestLandingContentRoleAccess" name="test_influencer_cannot_access_admin_landing_content" time="0.271" /><testcase classname="tests.test_landing_content.TestLandingContentRoleAccess" name="test_influencer_cannot_update_landing_content" time="0.303" /><testcase classname="tests.test_landing_content.TestAuthEndpoints" name="test_admin_login_success" time="0.300" /><testcase classname="tests.test_landing_content.TestAuthEndpoints" name="test_brand_login_success" time="0.259" /><testcase classname="tests.test_landing_content.TestAuthEndpoints" name="test_influencer_login_success" time="0.255" /><testcase classname="tests.test_landing_content.TestAuthEndpoints" name="test_login_invalid_credentials" time="0.033" /></testsuite></testsuites>